<?xml version="1.0" encoding="UTF-8"?>
<!-- Generated by org.testng.reporters.JUnitReportReporter -->
<testsuite hostname="DESKTOP-R3O90SV" failures="0" tests="4" name="Final_Assessment.Calculator.CalculatorTest" time="0.043" errors="0" timestamp="2024-04-12T18:17:54 IST" skipped="0">
  <testcase classname="Final_Assessment.Calculator.CalculatorTest" name="testSubtract" time="0.006"/>
  <testcase classname="Final_Assessment.Calculator.CalculatorTest" name="testAdd" time="0.032"/>
  <testcase classname="Final_Assessment.Calculator.CalculatorTest" name="testDivide" time="0.003"/>
  <testcase classname="Final_Assessment.Calculator.CalculatorTest" name="testMultiply" time="0.002"/>
</testsuite> <!-- Final_Assessment.Calculator.CalculatorTest -->
